<?xml version="1.0" encoding="UTF-8"?>
<coverage generated="1653107550955" clover="3.2.0">
  <project timestamp="1653107550955" name="All files">
    <metrics statements="43" coveredstatements="43" conditionals="11" coveredconditionals="11" methods="5" coveredmethods="5" elements="59" coveredelements="59" complexity="0" loc="43" ncloc="43" packages="1" files="1" classes="1"/>
    <file name="List.tsx" path="/home/pauloricardo/Documentos/PROG/rockseat/decode/decode-12/react-unit-testing/src/components/List.tsx">
      <metrics statements="43" coveredstatements="43" conditionals="11" coveredconditionals="11" methods="5" coveredmethods="5"/>
      <line num="1" count="1" type="stmt"/>
      <line num="2" count="1" type="stmt"/>
      <line num="3" count="1" type="stmt"/>
      <line num="4" count="1" type="stmt"/>
      <line num="5" count="1" type="stmt"/>
      <line num="6" count="1" type="stmt"/>
      <line num="7" count="10" type="cond" truecount="1" falsecount="0"/>
      <line num="8" count="10" type="stmt"/>
      <line num="9" count="10" type="stmt"/>
      <line num="10" count="10" type="stmt"/>
      <line num="11" count="10" type="cond" truecount="1" falsecount="0"/>
      <line num="12" count="1" type="cond" truecount="1" falsecount="0"/>
      <line num="13" count="1" type="cond" truecount="1" falsecount="0"/>
      <line num="14" count="1" type="stmt"/>
      <line num="15" count="1" type="stmt"/>
      <line num="16" count="10" type="stmt"/>
      <line num="17" count="10" type="cond" truecount="1" falsecount="0"/>
      <line num="18" count="1" type="cond" truecount="1" falsecount="0"/>
      <line num="19" count="1" type="cond" truecount="2" falsecount="0"/>
      <line num="20" count="1" type="stmt"/>
      <line num="21" count="1" type="stmt"/>
      <line num="22" count="10" type="stmt"/>
      <line num="23" count="10" type="stmt"/>
      <line num="24" count="10" type="stmt"/>
      <line num="25" count="10" type="stmt"/>
      <line num="26" count="10" type="stmt"/>
      <line num="27" count="10" type="stmt"/>
      <line num="28" count="10" type="cond" truecount="1" falsecount="0"/>
      <line num="29" count="10" type="stmt"/>
      <line num="30" count="10" type="stmt"/>
      <line num="31" count="10" type="stmt"/>
      <line num="32" count="10" type="cond" truecount="1" falsecount="0"/>
      <line num="33" count="8" type="stmt"/>
      <line num="34" count="10" type="stmt"/>
      <line num="35" count="10" type="cond" truecount="1" falsecount="0"/>
      <line num="36" count="10" type="stmt"/>
      <line num="37" count="10" type="stmt"/>
      <line num="38" count="10" type="stmt"/>
      <line num="39" count="10" type="stmt"/>
      <line num="40" count="10" type="stmt"/>
      <line num="41" count="10" type="stmt"/>
      <line num="42" count="1" type="stmt"/>
      <line num="43" count="1" type="stmt"/>
    </file>
  </project>
</coverage>
