{"/home/pauloricardo/Documentos/PROG/rockseat/decode/decode-12/react-unit-testing/src/components/List.tsx": {"path":"/home/pauloricardo/Documentos/PROG/rockseat/decode/decode-12/react-unit-testing/src/components/List.tsx","all":false,"statementMap":{"0":{"start":{"line":1,"column":0},"end":{"line":1,"column":32}},"1":{"start":{"line":2,"column":0},"end":{"line":2,"column":0}},"2":{"start":{"line":3,"column":0},"end":{"line":3,"column":18}},"3":{"start":{"line":4,"column":0},"end":{"line":4,"column":25}},"4":{"start":{"line":5,"column":0},"end":{"line":5,"column":1}},"5":{"start":{"line":6,"column":0},"end":{"line":6,"column":0}},"6":{"start":{"line":7,"column":0},"end":{"line":7,"column":44}},"7":{"start":{"line":8,"column":0},"end":{"line":8,"column":45}},"8":{"start":{"line":9,"column":0},"end":{"line":9,"column":49}},"9":{"start":{"line":10,"column":0},"end":{"line":10,"column":0}},"10":{"start":{"line":11,"column":0},"end":{"line":11,"column":24}},"11":{"start":{"line":12,"column":0},"end":{"line":12,"column":22}},"12":{"start":{"line":13,"column":0},"end":{"line":13,"column":44}},"13":{"start":{"line":14,"column":0},"end":{"line":14,"column":11}},"14":{"start":{"line":15,"column":0},"end":{"line":15,"column":3}},"15":{"start":{"line":16,"column":0},"end":{"line":16,"column":0}},"16":{"start":{"line":17,"column":0},"end":{"line":17,"column":41}},"17":{"start":{"line":18,"column":0},"end":{"line":18,"column":22}},"18":{"start":{"line":19,"column":0},"end":{"line":19,"column":60}},"19":{"start":{"line":20,"column":0},"end":{"line":20,"column":11}},"20":{"start":{"line":21,"column":0},"end":{"line":21,"column":3}},"21":{"start":{"line":22,"column":0},"end":{"line":22,"column":2}},"22":{"start":{"line":23,"column":0},"end":{"line":23,"column":10}},"23":{"start":{"line":24,"column":0},"end":{"line":24,"column":6}},"24":{"start":{"line":25,"column":0},"end":{"line":25,"column":13}},"25":{"start":{"line":26,"column":0},"end":{"line":26,"column":32}},"26":{"start":{"line":27,"column":0},"end":{"line":27,"column":24}},"27":{"start":{"line":28,"column":0},"end":{"line":28,"column":51}},"28":{"start":{"line":29,"column":0},"end":{"line":29,"column":8}},"29":{"start":{"line":30,"column":0},"end":{"line":30,"column":52}},"30":{"start":{"line":31,"column":0},"end":{"line":31,"column":10}},"31":{"start":{"line":32,"column":0},"end":{"line":32,"column":27}},"32":{"start":{"line":33,"column":0},"end":{"line":33,"column":25}},"33":{"start":{"line":34,"column":0},"end":{"line":34,"column":18}},"34":{"start":{"line":35,"column":0},"end":{"line":35,"column":73}},"35":{"start":{"line":36,"column":0},"end":{"line":36,"column":15}},"36":{"start":{"line":37,"column":0},"end":{"line":37,"column":11}},"37":{"start":{"line":38,"column":0},"end":{"line":38,"column":11}},"38":{"start":{"line":39,"column":0},"end":{"line":39,"column":7}},"39":{"start":{"line":40,"column":0},"end":{"line":40,"column":3}},"40":{"start":{"line":41,"column":0},"end":{"line":41,"column":1}},"41":{"start":{"line":42,"column":0},"end":{"line":42,"column":0}},"42":{"start":{"line":43,"column":0},"end":{"line":43,"column":19}}},"s":{"0":1,"1":1,"2":1,"3":1,"4":1,"5":1,"6":10,"7":10,"8":10,"9":10,"10":10,"11":1,"12":1,"13":1,"14":1,"15":10,"16":10,"17":1,"18":1,"19":1,"20":1,"21":10,"22":10,"23":10,"24":10,"25":10,"26":10,"27":10,"28":10,"29":10,"30":10,"31":10,"32":8,"33":10,"34":10,"35":10,"36":10,"37":10,"38":10,"39":10,"40":10,"41":1,"42":1},"branchMap":{"0":{"type":"branch","line":7,"loc":{"start":{"line":7,"column":0},"end":{"line":41,"column":1}},"locations":[{"start":{"line":7,"column":0},"end":{"line":41,"column":1}}]},"1":{"type":"branch","line":11,"loc":{"start":{"line":11,"column":2},"end":{"line":15,"column":3}},"locations":[{"start":{"line":11,"column":2},"end":{"line":15,"column":3}}]},"2":{"type":"branch","line":12,"loc":{"start":{"line":12,"column":15},"end":{"line":14,"column":7}},"locations":[{"start":{"line":12,"column":15},"end":{"line":14,"column":7}}]},"3":{"type":"branch","line":13,"loc":{"start":{"line":13,"column":14},"end":{"line":13,"column":43}},"locations":[{"start":{"line":13,"column":14},"end":{"line":13,"column":43}}]},"4":{"type":"branch","line":17,"loc":{"start":{"line":17,"column":2},"end":{"line":21,"column":3}},"locations":[{"start":{"line":17,"column":2},"end":{"line":21,"column":3}}]},"5":{"type":"branch","line":18,"loc":{"start":{"line":18,"column":15},"end":{"line":20,"column":7}},"locations":[{"start":{"line":18,"column":15},"end":{"line":20,"column":7}}]},"6":{"type":"branch","line":19,"loc":{"start":{"line":19,"column":14},"end":{"line":19,"column":58}},"locations":[{"start":{"line":19,"column":14},"end":{"line":19,"column":58}}]},"7":{"type":"branch","line":19,"loc":{"start":{"line":19,"column":36},"end":{"line":19,"column":57}},"locations":[{"start":{"line":19,"column":36},"end":{"line":19,"column":57}}]},"8":{"type":"branch","line":28,"loc":{"start":{"line":28,"column":18},"end":{"line":28,"column":49}},"locations":[{"start":{"line":28,"column":18},"end":{"line":28,"column":49}}]},"9":{"type":"branch","line":32,"loc":{"start":{"line":32,"column":18},"end":{"line":33,"column":25}},"locations":[{"start":{"line":32,"column":18},"end":{"line":33,"column":25}}]},"10":{"type":"branch","line":35,"loc":{"start":{"line":35,"column":29},"end":{"line":35,"column":55}},"locations":[{"start":{"line":35,"column":29},"end":{"line":35,"column":55}}]}},"b":{"0":[10],"1":[1],"2":[1],"3":[1],"4":[1],"5":[1],"6":[1],"7":[1],"8":[4],"9":[8],"10":[1]},"fnMap":{"0":{"name":"List","decl":{"start":{"line":7,"column":0},"end":{"line":41,"column":1}},"loc":{"start":{"line":7,"column":0},"end":{"line":41,"column":1}},"line":7},"1":{"name":"addToList","decl":{"start":{"line":11,"column":2},"end":{"line":15,"column":3}},"loc":{"start":{"line":11,"column":2},"end":{"line":15,"column":3}},"line":11},"2":{"name":"removeFromList","decl":{"start":{"line":17,"column":2},"end":{"line":21,"column":3}},"loc":{"start":{"line":17,"column":2},"end":{"line":21,"column":3}},"line":17},"3":{"name":"onChange","decl":{"start":{"line":28,"column":18},"end":{"line":28,"column":49}},"loc":{"start":{"line":28,"column":18},"end":{"line":28,"column":49}},"line":28},"4":{"name":"onClick","decl":{"start":{"line":35,"column":29},"end":{"line":35,"column":55}},"loc":{"start":{"line":35,"column":29},"end":{"line":35,"column":55}},"line":35}},"f":{"0":10,"1":1,"2":1,"3":4,"4":1}}
}
