TN:
SF:src/components/List.tsx
FN:7,List
FN:11,addToList
FN:17,removeFromList
FN:28,onChange
FN:35,onClick
FNF:5
FNH:5
FNDA:10,List
FNDA:1,addToList
FNDA:1,removeFromList
FNDA:4,onChange
FNDA:1,onClick
DA:1,1
DA:2,1
DA:3,1
DA:4,1
DA:5,1
DA:6,1
DA:7,10
DA:8,10
DA:9,10
DA:10,10
DA:11,10
DA:12,1
DA:13,1
DA:14,1
DA:15,1
DA:16,10
DA:17,10
DA:18,1
DA:19,1
DA:20,1
DA:21,1
DA:22,10
DA:23,10
DA:24,10
DA:25,10
DA:26,10
DA:27,10
DA:28,10
DA:29,10
DA:30,10
DA:31,10
DA:32,10
DA:33,8
DA:34,10
DA:35,10
DA:36,10
DA:37,10
DA:38,10
DA:39,10
DA:40,10
DA:41,10
DA:42,1
DA:43,1
LF:43
LH:43
BRDA:7,0,0,10
BRDA:11,1,0,1
BRDA:12,2,0,1
BRDA:13,3,0,1
BRDA:17,4,0,1
BRDA:18,5,0,1
BRDA:19,6,0,1
BRDA:19,7,0,1
BRDA:28,8,0,4
BRDA:32,9,0,8
BRDA:35,10,0,1
BRF:11
BRH:11
end_of_record
